<?xml version="1.0" encoding="UTF-8"?>
<!-- Generated by org.testng.reporters.JUnitXMLReporter -->
<testsuite ignored="0" hostname="EC2AMAZ-D9GMPCC" failures="0" tests="4" name="Default test" time="0.142" errors="0" timestamp="2023-07-19T13:55:48 GMT">
  <testcase classname="testng.LearningTestNG" name="test1" time="0.016"/>
  <testcase classname="testng.LearningTestNG" name="test1" time="0.004"/>
  <testcase classname="testng.LearningTestNG" name="test2" time="0.002"/>
  <testcase classname="testng.LearningTestNG" name="test3" time="0.005"/>
</testsuite> <!-- Default test -->
